d:\isec\so2\snakemultiplayerwin32\snakemultiplayerwin32\snakemultiplayerwin32_server\snakemultiplayerwin32_server\debug\vc140.pdb
d:\isec\so2\snakemultiplayerwin32\snakemultiplayerwin32\snakemultiplayerwin32_server\snakemultiplayerwin32_server\debug\vc140.idb
d:\isec\so2\snakemultiplayerwin32\snakemultiplayerwin32\snakemultiplayerwin32_server\snakemultiplayerwin32_server\debug\snake.obj
d:\isec\so2\snakemultiplayerwin32\snakemultiplayerwin32\snakemultiplayerwin32_server\snakemultiplayerwin32_server\debug\snakeserver.obj
d:\isec\so2\snakemultiplayerwin32\snakemultiplayerwin32\snakemultiplayerwin32_server\debug\snakemultiplayerwin32_server.pdb
d:\isec\so2\snakemultiplayerwin32\snakemultiplayerwin32\snakemultiplayerwin32_server\snakemultiplayerwin32_server\debug\snakemul.3e15578d.tlog\cl.command.1.tlog
d:\isec\so2\snakemultiplayerwin32\snakemultiplayerwin32\snakemultiplayerwin32_server\snakemultiplayerwin32_server\debug\snakemul.3e15578d.tlog\cl.read.1.tlog
d:\isec\so2\snakemultiplayerwin32\snakemultiplayerwin32\snakemultiplayerwin32_server\snakemultiplayerwin32_server\debug\snakemul.3e15578d.tlog\cl.write.1.tlog
d:\isec\so2\snakemultiplayerwin32\snakemultiplayerwin32\snakemultiplayerwin32_server\snakemultiplayerwin32_server\debug\snakemul.3e15578d.tlog\link-cvtres.read.1.tlog
d:\isec\so2\snakemultiplayerwin32\snakemultiplayerwin32\snakemultiplayerwin32_server\snakemultiplayerwin32_server\debug\snakemul.3e15578d.tlog\link-cvtres.write.1.tlog
d:\isec\so2\snakemultiplayerwin32\snakemultiplayerwin32\snakemultiplayerwin32_server\snakemultiplayerwin32_server\debug\snakemul.3e15578d.tlog\link-rc.read.1.tlog
d:\isec\so2\snakemultiplayerwin32\snakemultiplayerwin32\snakemultiplayerwin32_server\snakemultiplayerwin32_server\debug\snakemul.3e15578d.tlog\link-rc.write.1.tlog
d:\isec\so2\snakemultiplayerwin32\snakemultiplayerwin32\snakemultiplayerwin32_server\snakemultiplayerwin32_server\debug\snakemul.3e15578d.tlog\link.10368-cvtres.read.1.tlog
d:\isec\so2\snakemultiplayerwin32\snakemultiplayerwin32\snakemultiplayerwin32_server\snakemultiplayerwin32_server\debug\snakemul.3e15578d.tlog\link.10368-cvtres.write.1.tlog
d:\isec\so2\snakemultiplayerwin32\snakemultiplayerwin32\snakemultiplayerwin32_server\snakemultiplayerwin32_server\debug\snakemul.3e15578d.tlog\link.10368-rc.read.1.tlog
d:\isec\so2\snakemultiplayerwin32\snakemultiplayerwin32\snakemultiplayerwin32_server\snakemultiplayerwin32_server\debug\snakemul.3e15578d.tlog\link.10368-rc.write.1.tlog
d:\isec\so2\snakemultiplayerwin32\snakemultiplayerwin32\snakemultiplayerwin32_server\snakemultiplayerwin32_server\debug\snakemul.3e15578d.tlog\link.10368.read.1.tlog
d:\isec\so2\snakemultiplayerwin32\snakemultiplayerwin32\snakemultiplayerwin32_server\snakemultiplayerwin32_server\debug\snakemul.3e15578d.tlog\link.10368.write.1.tlog
d:\isec\so2\snakemultiplayerwin32\snakemultiplayerwin32\snakemultiplayerwin32_server\snakemultiplayerwin32_server\debug\snakemul.3e15578d.tlog\link.command.1.tlog
d:\isec\so2\snakemultiplayerwin32\snakemultiplayerwin32\snakemultiplayerwin32_server\snakemultiplayerwin32_server\debug\snakemul.3e15578d.tlog\link.read.1.tlog
d:\isec\so2\snakemultiplayerwin32\snakemultiplayerwin32\snakemultiplayerwin32_server\snakemultiplayerwin32_server\debug\snakemul.3e15578d.tlog\link.write.1.tlog
