  SnakeServer.c
d:\isec\so2\snakemultiplayerwin32\snakemultiplayerwin32_server\snakemultiplayerwin32_server\snakeserver.c(101): warning C4101: 'getCircularBufferPointerSHM': unreferenced local variable
d:\isec\so2\snakemultiplayerwin32\snakemultiplayerwin32_server\snakemultiplayerwin32_server\snakeserver.c(159): warning C4098: 'initializeNamedPipes': 'void' function returning a value
d:\isec\so2\snakemultiplayerwin32\snakemultiplayerwin32_server\snakemultiplayerwin32_server\snakeserver.c(201): warning C4098: 'initializeNamedPipes': 'void' function returning a value
d:\isec\so2\snakemultiplayerwin32\snakemultiplayerwin32_server\snakemultiplayerwin32_server\snakeserver.c(221): warning C4098: 'initializeNamedPipes': 'void' function returning a value
d:\isec\so2\snakemultiplayerwin32\snakemultiplayerwin32_server\snakemultiplayerwin32_server\snakeserver.c(324): warning C4244: 'function': conversion from 'time_t' to 'unsigned int', possible loss of data
d:\isec\so2\snakemultiplayerwin32\snakemultiplayerwin32_server\snakemultiplayerwin32_server\snakeserver.c(328): warning C4244: 'function': conversion from 'time_t' to 'unsigned int', possible loss of data
d:\isec\so2\snakemultiplayerwin32\snakemultiplayerwin32_server\snakemultiplayerwin32_server\snakeserver.c(330): warning C4244: 'function': conversion from 'time_t' to 'unsigned int', possible loss of data
d:\isec\so2\snakemultiplayerwin32\snakemultiplayerwin32_server\snakemultiplayerwin32_server\snakeserver.c(332): warning C4013: 'verifyPosition' undefined; assuming extern returning int
d:\isec\so2\snakemultiplayerwin32\snakemultiplayerwin32_server\snakemultiplayerwin32_server\snakeserver.c(382): warning C4996: 'wcscpy': This function or variable may be unsafe. Consider using wcscpy_s instead. To disable deprecation, use _CRT_SECURE_NO_WARNINGS. See online help for details.
  c:\program files (x86)\windows kits\10\include\10.0.10240.0\ucrt\corecrt_wstring.h(121): note: see declaration of 'wcscpy'
d:\isec\so2\snakemultiplayerwin32\snakemultiplayerwin32_server\snakemultiplayerwin32_server\snakeserver.c(387): warning C4996: 'wcscpy': This function or variable may be unsafe. Consider using wcscpy_s instead. To disable deprecation, use _CRT_SECURE_NO_WARNINGS. See online help for details.
  c:\program files (x86)\windows kits\10\include\10.0.10240.0\ucrt\corecrt_wstring.h(121): note: see declaration of 'wcscpy'
d:\isec\so2\snakemultiplayerwin32\snakemultiplayerwin32_server\snakemultiplayerwin32_server\snakeserver.c(427): warning C4996: 'wcscpy': This function or variable may be unsafe. Consider using wcscpy_s instead. To disable deprecation, use _CRT_SECURE_NO_WARNINGS. See online help for details.
  c:\program files (x86)\windows kits\10\include\10.0.10240.0\ucrt\corecrt_wstring.h(121): note: see declaration of 'wcscpy'
d:\isec\so2\snakemultiplayerwin32\snakemultiplayerwin32_server\snakemultiplayerwin32_server\snakeserver.c(432): warning C4996: 'wcscpy': This function or variable may be unsafe. Consider using wcscpy_s instead. To disable deprecation, use _CRT_SECURE_NO_WARNINGS. See online help for details.
  c:\program files (x86)\windows kits\10\include\10.0.10240.0\ucrt\corecrt_wstring.h(121): note: see declaration of 'wcscpy'
d:\isec\so2\snakemultiplayerwin32\snakemultiplayerwin32_server\snakemultiplayerwin32_server\snakeserver.c(558): warning C4018: '<': signed/unsigned mismatch
d:\isec\so2\snakemultiplayerwin32\snakemultiplayerwin32_server\snakemultiplayerwin32_server\snakeserver.c(807): warning C4033: 'verifyEndGame' must return a value
d:\isec\so2\snakemultiplayerwin32\snakemultiplayerwin32_server\snakemultiplayerwin32_server\snakeserver.c(872): warning C4098: 'manageCommandsReceived': 'void' function returning a value
d:\isec\so2\snakemultiplayerwin32\snakemultiplayerwin32_server\snakemultiplayerwin32_server\snakeserver.c(977): warning C4098: 'loadTopFromRegystry': 'void' function returning a value
d:\isec\so2\snakemultiplayerwin32\snakemultiplayerwin32_server\snakemultiplayerwin32_server\snakeserver.c(993): error C2065: 'scores': undeclared identifier
d:\isec\so2\snakemultiplayerwin32\snakemultiplayerwin32_server\snakemultiplayerwin32_server\snakeserver.c(993): error C2109: subscript requires array or pointer type
d:\isec\so2\snakemultiplayerwin32\snakemultiplayerwin32_server\snakemultiplayerwin32_server\snakeserver.c(993): warning C4047: 'function': 'wchar_t *const ' differs in levels of indirection from 'int'
d:\isec\so2\snakemultiplayerwin32\snakemultiplayerwin32_server\snakemultiplayerwin32_server\snakeserver.c(993): warning C4024: 'swprintf_s': different types for formal and actual parameter 1
d:\isec\so2\snakemultiplayerwin32\snakemultiplayerwin32_server\snakemultiplayerwin32_server\snakeserver.c(993): warning C4047: 'function': 'const std::size_t' differs in levels of indirection from 'unsigned short [3]'
d:\isec\so2\snakemultiplayerwin32\snakemultiplayerwin32_server\snakemultiplayerwin32_server\snakeserver.c(993): warning C4024: 'swprintf_s': different types for formal and actual parameter 2
d:\isec\so2\snakemultiplayerwin32\snakemultiplayerwin32_server\snakemultiplayerwin32_server\snakeserver.c(1080): warning C4129: 's': unrecognized character escape sequence
d:\isec\so2\snakemultiplayerwin32\snakemultiplayerwin32_server\snakemultiplayerwin32_server\snakeserver.c(1081): warning C4129: 's': unrecognized character escape sequence
d:\isec\so2\snakemultiplayerwin32\snakemultiplayerwin32_server\snakemultiplayerwin32_server\snakeserver.c(1091): warning C4047: '=': 'data (__cdecl *)()' differs in levels of indirection from 'pData (__cdecl *)()'
d:\isec\so2\snakemultiplayerwin32\snakemultiplayerwin32_server\snakemultiplayerwin32_server\snakeserver.c(1094): warning C4033: 'listenClientSharedMemory' must return a value
