  SnakeUI.c
d:\isec\so2\snakemultiplayerwin32\snakemultiplayerwin32_ui\snakemultiplayerwin32_ui\snakeui.c(79): warning C4133: 'function': incompatible types - from 'LPCSTR' to 'LPCWSTR'
d:\isec\so2\snakemultiplayerwin32\snakemultiplayerwin32_ui\snakemultiplayerwin32_ui\snakeui.c(59): warning C4101: 'wcApp': unreferenced local variable
d:\isec\so2\snakemultiplayerwin32\snakemultiplayerwin32_ui\snakemultiplayerwin32_ui\snakeui.c(214): warning C4047: 'function': 'LPARAM' differs in levels of indirection from 'unsigned short [2]'
d:\isec\so2\snakemultiplayerwin32\snakemultiplayerwin32_ui\snakemultiplayerwin32_ui\snakeui.c(214): warning C4024: 'SendDlgItemMessageW': different types for formal and actual parameter 5
d:\isec\so2\snakemultiplayerwin32\snakemultiplayerwin32_ui\snakemultiplayerwin32_ui\snakeui.c(215): warning C4047: 'function': 'LPARAM' differs in levels of indirection from 'unsigned short [2]'
d:\isec\so2\snakemultiplayerwin32\snakemultiplayerwin32_ui\snakemultiplayerwin32_ui\snakeui.c(215): warning C4024: 'SendDlgItemMessageW': different types for formal and actual parameter 5
d:\isec\so2\snakemultiplayerwin32\snakemultiplayerwin32_ui\snakemultiplayerwin32_ui\snakeui.c(219): warning C4047: 'function': 'LPARAM' differs in levels of indirection from 'unsigned short [3]'
d:\isec\so2\snakemultiplayerwin32\snakemultiplayerwin32_ui\snakemultiplayerwin32_ui\snakeui.c(219): warning C4024: 'SendDlgItemMessageW': different types for formal and actual parameter 5
d:\isec\so2\snakemultiplayerwin32\snakemultiplayerwin32_ui\snakemultiplayerwin32_ui\snakeui.c(220): warning C4047: 'function': 'LPARAM' differs in levels of indirection from 'unsigned short [3]'
d:\isec\so2\snakemultiplayerwin32\snakemultiplayerwin32_ui\snakemultiplayerwin32_ui\snakeui.c(220): warning C4024: 'SendDlgItemMessageW': different types for formal and actual parameter 5
d:\isec\so2\snakemultiplayerwin32\snakemultiplayerwin32_ui\snakemultiplayerwin32_ui\snakeui.c(221): warning C4047: 'function': 'LPARAM' differs in levels of indirection from 'unsigned short [2]'
d:\isec\so2\snakemultiplayerwin32\snakemultiplayerwin32_ui\snakemultiplayerwin32_ui\snakeui.c(221): warning C4024: 'SendDlgItemMessageW': different types for formal and actual parameter 5
d:\isec\so2\snakemultiplayerwin32\snakemultiplayerwin32_ui\snakemultiplayerwin32_ui\snakeui.c(222): warning C4047: 'function': 'LPARAM' differs in levels of indirection from 'unsigned short [2]'
d:\isec\so2\snakemultiplayerwin32\snakemultiplayerwin32_ui\snakemultiplayerwin32_ui\snakeui.c(222): warning C4024: 'SendDlgItemMessageW': different types for formal and actual parameter 5
d:\isec\so2\snakemultiplayerwin32\snakemultiplayerwin32_ui\snakemultiplayerwin32_ui\snakeui.c(226): warning C4047: 'function': 'LPARAM' differs in levels of indirection from 'unsigned short [3]'
d:\isec\so2\snakemultiplayerwin32\snakemultiplayerwin32_ui\snakemultiplayerwin32_ui\snakeui.c(226): warning C4024: 'SendDlgItemMessageW': different types for formal and actual parameter 5
d:\isec\so2\snakemultiplayerwin32\snakemultiplayerwin32_ui\snakemultiplayerwin32_ui\snakeui.c(227): warning C4047: 'function': 'LPARAM' differs in levels of indirection from 'unsigned short [3]'
d:\isec\so2\snakemultiplayerwin32\snakemultiplayerwin32_ui\snakemultiplayerwin32_ui\snakeui.c(227): warning C4024: 'SendDlgItemMessageW': different types for formal and actual parameter 5
d:\isec\so2\snakemultiplayerwin32\snakemultiplayerwin32_ui\snakemultiplayerwin32_ui\snakeui.c(229): warning C4047: 'function': 'LPARAM' differs in levels of indirection from 'unsigned short [6]'
d:\isec\so2\snakemultiplayerwin32\snakemultiplayerwin32_ui\snakemultiplayerwin32_ui\snakeui.c(229): warning C4024: 'SendDlgItemMessageW': different types for formal and actual parameter 5
d:\isec\so2\snakemultiplayerwin32\snakemultiplayerwin32_ui\snakemultiplayerwin32_ui\snakeui.c(255): warning C4996: 'wcscpy': This function or variable may be unsafe. Consider using wcscpy_s instead. To disable deprecation, use _CRT_SECURE_NO_WARNINGS. See online help for details.
  c:\program files (x86)\windows kits\10\include\10.0.10240.0\ucrt\corecrt_wstring.h(121): note: see declaration of 'wcscpy'
d:\isec\so2\snakemultiplayerwin32\snakemultiplayerwin32_ui\snakemultiplayerwin32_ui\snakeui.c(260): warning C4996: 'wcscpy': This function or variable may be unsafe. Consider using wcscpy_s instead. To disable deprecation, use _CRT_SECURE_NO_WARNINGS. See online help for details.
  c:\program files (x86)\windows kits\10\include\10.0.10240.0\ucrt\corecrt_wstring.h(121): note: see declaration of 'wcscpy'
d:\isec\so2\snakemultiplayerwin32\snakemultiplayerwin32_ui\snakemultiplayerwin32_ui\snakeui.c(202): warning C4101: 'hRadioSinglePlayer': unreferenced local variable
d:\isec\so2\snakemultiplayerwin32\snakemultiplayerwin32_ui\snakemultiplayerwin32_ui\snakeui.c(203): warning C4101: 'hRadioMultiPlayer': unreferenced local variable
d:\isec\so2\snakemultiplayerwin32\snakemultiplayerwin32_ui\snakemultiplayerwin32_ui\snakeui.c(459): warning C4133: 'function': incompatible types - from 'LPCSTR' to 'LPCWSTR'
d:\isec\so2\snakemultiplayerwin32\snakemultiplayerwin32_ui\snakemultiplayerwin32_ui\snakeui.c(467): warning C4133: 'function': incompatible types - from 'LPCSTR' to 'LPCWSTR'
d:\isec\so2\snakemultiplayerwin32\snakemultiplayerwin32_ui\snakemultiplayerwin32_ui\snakeui.c(364): warning C4101: 'hdcDB': unreferenced local variable
d:\isec\so2\snakemultiplayerwin32\snakemultiplayerwin32_ui\snakemultiplayerwin32_ui\snakeui.c(365): warning C4101: 'hDB': unreferenced local variable
d:\isec\so2\snakemultiplayerwin32\snakemultiplayerwin32_ui\snakemultiplayerwin32_ui\snakeui.c(359): warning C4101: 'auxmemdc': unreferenced local variable
d:\isec\so2\snakemultiplayerwin32\snakemultiplayerwin32_ui\snakemultiplayerwin32_ui\snakeui.c(566): warning C4129: 's': unrecognized character escape sequence
d:\isec\so2\snakemultiplayerwin32\snakemultiplayerwin32_ui\snakemultiplayerwin32_ui\snakeui.c(567): warning C4129: 's': unrecognized character escape sequence
d:\isec\so2\snakemultiplayerwin32\snakemultiplayerwin32_ui\snakemultiplayerwin32_ui\snakeui.c(596): warning C4098: 'startLocal': 'void' function returning a value
d:\isec\so2\snakemultiplayerwin32\snakemultiplayerwin32_ui\snakemultiplayerwin32_ui\snakeui.c(573): warning C4101: 'getCircularBufferPointerSHM': unreferenced local variable
d:\isec\so2\snakemultiplayerwin32\snakemultiplayerwin32_ui\snakemultiplayerwin32_ui\snakeui.c(569): warning C4101: 'circularBufferPointer': unreferenced local variable
d:\isec\so2\snakemultiplayerwin32\snakemultiplayerwin32_ui\snakemultiplayerwin32_ui\snakeui.c(640): warning C4474: 'swprintf_s' : too many arguments passed for format string
  d:\isec\so2\snakemultiplayerwin32\snakemultiplayerwin32_ui\snakemultiplayerwin32_ui\snakeui.c(640): note: placeholders and their parameters expect 0 variadic arguments, but 1 were provided
d:\isec\so2\snakemultiplayerwin32\snakemultiplayerwin32_ui\snakemultiplayerwin32_ui\snakeui.c(670): warning C4033: 'ThreadClientReaderSHM' must return a value
d:\isec\so2\snakemultiplayerwin32\snakemultiplayerwin32_ui\snakemultiplayerwin32_ui\snakeui.c(734): warning C4022: 'SelectObject': pointer mismatch for actual parameter 2
d:\isec\so2\snakemultiplayerwin32\snakemultiplayerwin32_ui\snakemultiplayerwin32_ui\snakeui.c(690): warning C4715: 'ThreadClientReaderSHM': not all control paths return a value
LINK : fatal error LNK1168: cannot open D:\ISEC\SO2\SnakeMultiplayerWin32\SnakeMultiplayerWin32_UI\Debug\SnakeMultiplayerWin32_UI.exe for writing
