c:\users\filipe-desktop\documents\github\snakemultiplayerwin32\snakemultiplayerwin32_ui\snakemultiplayerwin32_ui\debug\vc140.pdb
c:\users\filipe-desktop\documents\github\snakemultiplayerwin32\snakemultiplayerwin32_ui\snakemultiplayerwin32_ui\debug\vc140.idb
c:\users\filipe-desktop\documents\github\snakemultiplayerwin32\snakemultiplayerwin32_ui\snakemultiplayerwin32_ui\debug\snakeui.obj
c:\users\filipe-desktop\documents\github\snakemultiplayerwin32\snakemultiplayerwin32_ui\snakemultiplayerwin32_ui\debug\snakemultiplayerwin32_ui.res
c:\users\filipe-desktop\documents\github\snakemultiplayerwin32\snakemultiplayerwin32_ui\debug\snakemultiplayerwin32_ui.pdb
c:\users\filipe-desktop\documents\github\snakemultiplayerwin32\snakemultiplayerwin32_ui\snakemultiplayerwin32_ui\debug\snakemul.904b9709.tlog\cl.command.1.tlog
c:\users\filipe-desktop\documents\github\snakemultiplayerwin32\snakemultiplayerwin32_ui\snakemultiplayerwin32_ui\debug\snakemul.904b9709.tlog\cl.read.1.tlog
c:\users\filipe-desktop\documents\github\snakemultiplayerwin32\snakemultiplayerwin32_ui\snakemultiplayerwin32_ui\debug\snakemul.904b9709.tlog\cl.write.1.tlog
c:\users\filipe-desktop\documents\github\snakemultiplayerwin32\snakemultiplayerwin32_ui\snakemultiplayerwin32_ui\debug\snakemul.904b9709.tlog\link-cvtres.read.1.tlog
c:\users\filipe-desktop\documents\github\snakemultiplayerwin32\snakemultiplayerwin32_ui\snakemultiplayerwin32_ui\debug\snakemul.904b9709.tlog\link-cvtres.write.1.tlog
c:\users\filipe-desktop\documents\github\snakemultiplayerwin32\snakemultiplayerwin32_ui\snakemultiplayerwin32_ui\debug\snakemul.904b9709.tlog\link-rc.read.1.tlog
c:\users\filipe-desktop\documents\github\snakemultiplayerwin32\snakemultiplayerwin32_ui\snakemultiplayerwin32_ui\debug\snakemul.904b9709.tlog\link-rc.write.1.tlog
c:\users\filipe-desktop\documents\github\snakemultiplayerwin32\snakemultiplayerwin32_ui\snakemultiplayerwin32_ui\debug\snakemul.904b9709.tlog\link.6204-cvtres.read.1.tlog
c:\users\filipe-desktop\documents\github\snakemultiplayerwin32\snakemultiplayerwin32_ui\snakemultiplayerwin32_ui\debug\snakemul.904b9709.tlog\link.6204-cvtres.write.1.tlog
c:\users\filipe-desktop\documents\github\snakemultiplayerwin32\snakemultiplayerwin32_ui\snakemultiplayerwin32_ui\debug\snakemul.904b9709.tlog\link.6204-rc.read.1.tlog
c:\users\filipe-desktop\documents\github\snakemultiplayerwin32\snakemultiplayerwin32_ui\snakemultiplayerwin32_ui\debug\snakemul.904b9709.tlog\link.6204-rc.write.1.tlog
c:\users\filipe-desktop\documents\github\snakemultiplayerwin32\snakemultiplayerwin32_ui\snakemultiplayerwin32_ui\debug\snakemul.904b9709.tlog\link.6204.read.1.tlog
c:\users\filipe-desktop\documents\github\snakemultiplayerwin32\snakemultiplayerwin32_ui\snakemultiplayerwin32_ui\debug\snakemul.904b9709.tlog\link.6204.write.1.tlog
c:\users\filipe-desktop\documents\github\snakemultiplayerwin32\snakemultiplayerwin32_ui\snakemultiplayerwin32_ui\debug\snakemul.904b9709.tlog\link.command.1.tlog
c:\users\filipe-desktop\documents\github\snakemultiplayerwin32\snakemultiplayerwin32_ui\snakemultiplayerwin32_ui\debug\snakemul.904b9709.tlog\link.read.1.tlog
c:\users\filipe-desktop\documents\github\snakemultiplayerwin32\snakemultiplayerwin32_ui\snakemultiplayerwin32_ui\debug\snakemul.904b9709.tlog\link.write.1.tlog
c:\users\filipe-desktop\documents\github\snakemultiplayerwin32\snakemultiplayerwin32_ui\snakemultiplayerwin32_ui\debug\snakemul.904b9709.tlog\rc.command.1.tlog
c:\users\filipe-desktop\documents\github\snakemultiplayerwin32\snakemultiplayerwin32_ui\snakemultiplayerwin32_ui\debug\snakemul.904b9709.tlog\rc.read.1.tlog
c:\users\filipe-desktop\documents\github\snakemultiplayerwin32\snakemultiplayerwin32_ui\snakemultiplayerwin32_ui\debug\snakemul.904b9709.tlog\rc.write.1.tlog
