  SnakeClient.c
c:\users\filipe-desktop\documents\github\snakemultiplayerwin32\snakemultiplayerwin32_client\snakemultiplayerwin32_client\snakeclient.c(61): warning C4996: 'wscanf': This function or variable may be unsafe. Consider using wscanf_s instead. To disable deprecation, use _CRT_SECURE_NO_WARNINGS. See online help for details.
  c:\program files (x86)\windows kits\10\include\10.0.10240.0\ucrt\corecrt_wstdio.h(928): note: see declaration of 'wscanf'
c:\users\filipe-desktop\documents\github\snakemultiplayerwin32\snakemultiplayerwin32_client\snakemultiplayerwin32_client\snakeclient.c(104): warning C4129: 's': unrecognized character escape sequence
c:\users\filipe-desktop\documents\github\snakemultiplayerwin32\snakemultiplayerwin32_client\snakemultiplayerwin32_client\snakeclient.c(127): warning C4996: 'wscanf': This function or variable may be unsafe. Consider using wscanf_s instead. To disable deprecation, use _CRT_SECURE_NO_WARNINGS. See online help for details.
  c:\program files (x86)\windows kits\10\include\10.0.10240.0\ucrt\corecrt_wstdio.h(928): note: see declaration of 'wscanf'
c:\users\filipe-desktop\documents\github\snakemultiplayerwin32\snakemultiplayerwin32_client\snakemultiplayerwin32_client\snakeclient.c(141): warning C4996: 'wscanf': This function or variable may be unsafe. Consider using wscanf_s instead. To disable deprecation, use _CRT_SECURE_NO_WARNINGS. See online help for details.
  c:\program files (x86)\windows kits\10\include\10.0.10240.0\ucrt\corecrt_wstdio.h(928): note: see declaration of 'wscanf'
c:\users\filipe-desktop\documents\github\snakemultiplayerwin32\snakemultiplayerwin32_client\snakemultiplayerwin32_client\snakeclient.c(195): warning C4098: 'startRemoteClient': 'void' function returning a value
c:\users\filipe-desktop\documents\github\snakemultiplayerwin32\snakemultiplayerwin32_client\snakemultiplayerwin32_client\snakeclient.c(200): warning C4098: 'startRemoteClient': 'void' function returning a value
c:\users\filipe-desktop\documents\github\snakemultiplayerwin32\snakemultiplayerwin32_client\snakemultiplayerwin32_client\snakeclient.c(213): warning C4098: 'startRemoteClient': 'void' function returning a value
c:\users\filipe-desktop\documents\github\snakemultiplayerwin32\snakemultiplayerwin32_client\snakemultiplayerwin32_client\snakeclient.c(226): warning C4098: 'startRemoteClient': 'void' function returning a value
c:\users\filipe-desktop\documents\github\snakemultiplayerwin32\snakemultiplayerwin32_client\snakemultiplayerwin32_client\snakeclient.c(240): warning C4098: 'startRemoteClient': 'void' function returning a value
c:\users\filipe-desktop\documents\github\snakemultiplayerwin32\snakemultiplayerwin32_client\snakemultiplayerwin32_client\snakeclient.c(274): warning C4002: too many actual parameters for macro 'TEXT'
c:\users\filipe-desktop\documents\github\snakemultiplayerwin32\snakemultiplayerwin32_client\snakemultiplayerwin32_client\snakeclient.c(199): warning C4474: 'wprintf' : too many arguments passed for format string
  c:\users\filipe-desktop\documents\github\snakemultiplayerwin32\snakemultiplayerwin32_client\snakemultiplayerwin32_client\snakeclient.c(199): note: placeholders and their parameters expect 0 variadic arguments, but 1 were provided
c:\users\filipe-desktop\documents\github\snakemultiplayerwin32\snakemultiplayerwin32_client\snakemultiplayerwin32_client\snakeclient.c(274): warning C4473: 'wprintf' : not enough arguments passed for format string
  c:\users\filipe-desktop\documents\github\snakemultiplayerwin32\snakemultiplayerwin32_client\snakemultiplayerwin32_client\snakeclient.c(274): note: placeholders and their parameters expect 1 variadic arguments, but 0 were provided
  c:\users\filipe-desktop\documents\github\snakemultiplayerwin32\snakemultiplayerwin32_client\snakemultiplayerwin32_client\snakeclient.c(274): note: the missing variadic argument 1 is required by format string '%d'
  SnakeMultiplayerWin32_client.vcxproj -> C:\Users\Filipe-Desktop\Documents\GitHub\SnakeMultiplayerWin32\SnakeMultiplayerWin32_client\Debug\SnakeMultiplayerWin32_client.exe
  SnakeMultiplayerWin32_client.vcxproj -> C:\Users\Filipe-Desktop\Documents\GitHub\SnakeMultiplayerWin32\SnakeMultiplayerWin32_client\Debug\SnakeMultiplayerWin32_client.pdb (Full PDB)
